2025-04-14 14:34:32,368 [INFO] __main__: Created directory: data/judgments
2025-04-14 14:34:32,370 [INFO] __main__: Created directory: data/mappings
2025-04-14 14:34:32,372 [INFO] __main__: Created directory: data/processed/faiss
2025-04-14 14:34:32,372 [INFO] __main__: Created directory: data/processed/training
2025-04-14 14:34:32,373 [INFO] __main__: Created directory: models
2025-04-14 14:34:32,375 [INFO] __main__: Copied mapping file: /home/vinay/project/QnA-AI/ipc_bns_mapping.json -> data/mappings/ipc_bns_mapping.json
2025-04-14 14:34:32,376 [INFO] __main__: Copied mapping file: /home/vinay/project/QnA-AI/crpc_bnss_mapping.json -> data/mappings/crpc_bns_mapping.json
2025-04-14 14:36:33,441 [INFO] app.embeddings: Loading embedding model law-ai/InLegalBERT on cpu
2025-04-14 14:36:33,442 [INFO] sentence_transformers.SentenceTransformer: Load pretrained SentenceTransformer: law-ai/InLegalBERT
2025-04-14 14:36:43,567 [WARNING] sentence_transformers.SentenceTransformer: No sentence-transformers model found with name law-ai/InLegalBERT. Creating a new one with MEAN pooling.
2025-04-14 14:37:01,397 [INFO] app.retrieval: Created new FAISS index of type IndexFlatIP
2025-04-14 14:37:01,401 [INFO] __main__: Found 0 judgment files to process
2025-04-14 14:40:51,287 [INFO] app.embeddings: Loading embedding model law-ai/InLegalBERT on cpu
2025-04-14 14:40:51,287 [INFO] sentence_transformers.SentenceTransformer: Load pretrained SentenceTransformer: law-ai/InLegalBERT
2025-04-14 14:40:59,737 [WARNING] sentence_transformers.SentenceTransformer: No sentence-transformers model found with name law-ai/InLegalBERT. Creating a new one with MEAN pooling.
2025-04-14 14:41:05,991 [INFO] app.retrieval: Created new FAISS index of type IndexFlatIP
2025-04-14 14:41:06,010 [INFO] __main__: Found 0 judgment files to process
2025-04-14 14:43:43,545 [INFO] app.embeddings: Loading embedding model law-ai/InLegalBERT on cpu
2025-04-14 14:43:43,545 [INFO] sentence_transformers.SentenceTransformer: Load pretrained SentenceTransformer: law-ai/InLegalBERT
2025-04-14 14:43:44,058 [WARNING] sentence_transformers.SentenceTransformer: No sentence-transformers model found with name law-ai/InLegalBERT. Creating a new one with MEAN pooling.
2025-04-14 14:44:04,659 [INFO] app.retrieval: Created new FAISS index of type IndexFlatIP
2025-04-14 14:44:04,680 [INFO] __main__: Found 2933 judgment files to process
